<?xml version="1.0" encoding="UTF-8"?>
<testsuite name="org.mortgage.LenderTests" tests="1" skipped="0" failures="0" errors="0" timestamp="2021-01-27T17:50:35" hostname="LTUS76204" time="0.004">
  <properties/>
  <testcase name="loanWarningWhenIhaveInsufficientFunds" classname="org.mortgage.LenderTests" time="0.004"/>
  <system-out><![CDATA[]]></system-out>
  <system-err><![CDATA[]]></system-err>
</testsuite>
